# JRE version: Java(TM) SE Runtime Environment (8.0_131-b11) (build 1.8.0_131-b11)
# Java VM: Java HotSpot(TM) 64-Bit Server VM (25.131-b11 mixed mode windows-amd64 compressed oops)
Heap:
 PSYoungGen      total 225280K, used 5385K [0x00000000e0000000, 0x00000000f0400000, 0x0000000100000000)
  eden space 190464K, 2% used [0x00000000e0000000,0x00000000e0542460,0x00000000eba00000)
  from space 34816K, 0% used [0x00000000ee200000,0x00000000ee200000,0x00000000f0400000)
  to   space 32256K, 0% used [0x00000000eba00000,0x00000000eba00000,0x00000000ed980000)
 ParOldGen       total 202752K, used 70227K [0x00000000a0000000, 0x00000000ac600000, 0x00000000e0000000)
  object space 202752K, 34% used [0x00000000a0000000,0x00000000a4494ef8,0x00000000ac600000)
 Metaspace       used 99126K, capacity 105610K, committed 114648K, reserved 1148928K
  class space    used 12820K, capacity 13916K, committed 15360K, reserved 1048576K
GC Heap History (10 events):
Event: 7230.215 GC heap before
{Heap before GC invocations=39 (full 4):
 PSYoungGen      total 214016K, used 210098K [0x00000000e0000000, 0x00000000eec00000, 0x0000000100000000)
  eden space 190976K, 100% used [0x00000000e0000000,0x00000000eba80000,0x00000000eba80000)
  from space 23040K, 82% used [0x00000000ed280000,0x00000000ee52cb10,0x00000000ee900000)
  to   space 24576K, 0% used [0x00000000eba80000,0x00000000eba80000,0x00000000ed280000)
 ParOldGen       total 202752K, used 65939K [0x00000000a0000000, 0x00000000ac600000, 0x00000000e0000000)
  object space 202752K, 32% used [0x00000000a0000000,0x00000000a4064eb0,0x00000000ac600000)
 Metaspace       used 102364K, capacity 110548K, committed 110808K, reserved 1144832K
  class space    used 13351K, capacity 14772K, committed 14848K, reserved 1048576K
Event: 7230.265 GC heap after
Heap after GC invocations=39 (full 4):
 PSYoungGen      total 215552K, used 24558K [0x00000000e0000000, 0x00000000ef580000, 0x0000000100000000)
  eden space 190976K, 0% used [0x00000000e0000000,0x00000000e0000000,0x00000000eba80000)
  from space 24576K, 99% used [0x00000000eba80000,0x00000000ed27ba40,0x00000000ed280000)
  to   space 28672K, 0% used [0x00000000ed980000,0x00000000ed980000,0x00000000ef580000)
 ParOldGen       total 202752K, used 69972K [0x00000000a0000000, 0x00000000ac600000, 0x00000000e0000000)
  object space 202752K, 34% used [0x00000000a0000000,0x00000000a4455338,0x00000000ac600000)
 Metaspace       used 102364K, capacity 110548K, committed 110808K, reserved 1144832K
  class space    used 13351K, capacity 14772K, committed 14848K, reserved 1048576K
}
Event: 7238.438 GC heap before
{Heap before GC invocations=40 (full 4):
 PSYoungGen      total 215552K, used 215534K [0x00000000e0000000, 0x00000000ef580000, 0x0000000100000000)
  eden space 190976K, 100% used [0x00000000e0000000,0x00000000eba80000,0x00000000eba80000)
  from space 24576K, 99% used [0x00000000eba80000,0x00000000ed27ba40,0x00000000ed280000)
  to   space 28672K, 0% used [0x00000000ed980000,0x00000000ed980000,0x00000000ef580000)
 ParOldGen       total 202752K, used 69972K [0x00000000a0000000, 0x00000000ac600000, 0x00000000e0000000)
  object space 202752K, 34% used [0x00000000a0000000,0x00000000a4455338,0x00000000ac600000)
 Metaspace       used 103100K, capacity 111286K, committed 111448K, reserved 1146880K
  class space    used 13455K, capacity 14893K, committed 14976K, reserved 1048576K
Event: 7238.467 GC heap after
Heap after GC invocations=40 (full 4):
 PSYoungGen      total 219136K, used 28458K [0x00000000e0000000, 0x00000000efe80000, 0x0000000100000000)
  eden space 190464K, 0% used [0x00000000e0000000,0x00000000e0000000,0x00000000eba00000)
  from space 28672K, 99% used [0x00000000ed980000,0x00000000ef54abe8,0x00000000ef580000)
  to   space 32256K, 0% used [0x00000000eba00000,0x00000000eba00000,0x00000000ed980000)
 ParOldGen       total 202752K, used 69980K [0x00000000a0000000, 0x00000000ac600000, 0x00000000e0000000)
  object space 202752K, 34% used [0x00000000a0000000,0x00000000a4457338,0x00000000ac600000)
 Metaspace       used 103100K, capacity 111286K, committed 111448K, reserved 1146880K
  class space    used 13455K, capacity 14893K, committed 14976K, reserved 1048576K
}
Event: 7253.561 GC heap before
{Heap before GC invocations=41 (full 4):
 PSYoungGen      total 219136K, used 218922K [0x00000000e0000000, 0x00000000efe80000, 0x0000000100000000)
  eden space 190464K, 100% used [0x00000000e0000000,0x00000000eba00000,0x00000000eba00000)
  from space 28672K, 99% used [0x00000000ed980000,0x00000000ef54abe8,0x00000000ef580000)
  to   space 32256K, 0% used [0x00000000eba00000,0x00000000eba00000,0x00000000ed980000)
 ParOldGen       total 202752K, used 69980K [0x00000000a0000000, 0x00000000ac600000, 0x00000000e0000000)
  object space 202752K, 34% used [0x00000000a0000000,0x00000000a4457338,0x00000000ac600000)
 Metaspace       used 105313K, capacity 113758K, committed 113880K, reserved 1148928K
  class space    used 13778K, capacity 15241K, committed 15360K, reserved 1048576K
Event: 7253.609 GC heap after
Heap after GC invocations=41 (full 4):
 PSYoungGen      total 222720K, used 26739K [0x00000000e0000000, 0x00000000f0400000, 0x0000000100000000)
  eden space 190464K, 0% used [0x00000000e0000000,0x00000000e0000000,0x00000000eba00000)
  from space 32256K, 82% used [0x00000000eba00000,0x00000000ed41ceb8,0x00000000ed980000)
  to   space 34816K, 0% used [0x00000000ee200000,0x00000000ee200000,0x00000000f0400000)
 ParOldGen       total 202752K, used 69988K [0x00000000a0000000, 0x00000000ac600000, 0x00000000e0000000)
  object space 202752K, 34% used [0x00000000a0000000,0x00000000a4459338,0x00000000ac600000)
 Metaspace       used 105313K, capacity 113758K, committed 113880K, reserved 1148928K
  class space    used 13778K, capacity 15241K, committed 15360K, reserved 1048576K
}
Event: 7261.879 GC heap before
{Heap before GC invocations=42 (full 4):
 PSYoungGen      total 222720K, used 155583K [0x00000000e0000000, 0x00000000f0400000, 0x0000000100000000)
  eden space 190464K, 67% used [0x00000000e0000000,0x00000000e7dd2da0,0x00000000eba00000)
  from space 32256K, 82% used [0x00000000eba00000,0x00000000ed41ceb8,0x00000000ed980000)
  to   space 34816K, 0% used [0x00000000ee200000,0x00000000ee200000,0x00000000f0400000)
 ParOldGen       total 202752K, used 69988K [0x00000000a0000000, 0x00000000ac600000, 0x00000000e0000000)
  object space 202752K, 34% used [0x00000000a0000000,0x00000000a4459338,0x00000000ac600000)
 Metaspace       used 105867K, capacity 114368K, committed 114648K, reserved 1148928K
  class space    used 13849K, capacity 15310K, committed 15360K, reserved 1048576K
Event: 7261.913 GC heap after
Heap after GC invocations=42 (full 4):
 PSYoungGen      total 225280K, used 30798K [0x00000000e0000000, 0x00000000f0400000, 0x0000000100000000)
  eden space 190464K, 0% used [0x00000000e0000000,0x00000000e0000000,0x00000000eba00000)
  from space 34816K, 88% used [0x00000000ee200000,0x00000000f0013a20,0x00000000f0400000)
  to   space 32256K, 0% used [0x00000000eba00000,0x00000000eba00000,0x00000000ed980000)
 ParOldGen       total 202752K, used 69996K [0x00000000a0000000, 0x00000000ac600000, 0x00000000e0000000)
  object space 202752K, 34% used [0x00000000a0000000,0x00000000a445b338,0x00000000ac600000)
 Metaspace       used 105867K, capacity 114368K, committed 114648K, reserved 1148928K
  class space    used 13849K, capacity 15310K, committed 15360K, reserved 1048576K
}
Event: 7261.913 GC heap before
{Heap before GC invocations=43 (full 5):
 PSYoungGen      total 225280K, used 30798K [0x00000000e0000000, 0x00000000f0400000, 0x0000000100000000)
  eden space 190464K, 0% used [0x00000000e0000000,0x00000000e0000000,0x00000000eba00000)
  from space 34816K, 88% used [0x00000000ee200000,0x00000000f0013a20,0x00000000f0400000)
  to   space 32256K, 0% used [0x00000000eba00000,0x00000000eba00000,0x00000000ed980000)
 ParOldGen       total 202752K, used 69996K [0x00000000a0000000, 0x00000000ac600000, 0x00000000e0000000)
  object space 202752K, 34% used [0x00000000a0000000,0x00000000a445b338,0x00000000ac600000)
 Metaspace       used 105867K, capacity 114368K, committed 114648K, reserved 1148928K
  class space    used 13849K, capacity 15310K, committed 15360K, reserved 1048576K
Event: 7262.755 GC heap after
Heap after GC invocations=43 (full 5):
 PSYoungGen      total 225280K, used 0K [0x00000000e0000000, 0x00000000f0400000, 0x0000000100000000)
  eden space 190464K, 0% used [0x00000000e0000000,0x00000000e0000000,0x00000000eba00000)
  from space 34816K, 0% used [0x00000000ee200000,0x00000000ee200000,0x00000000f0400000)
  to   space 32256K, 0% used [0x00000000eba00000,0x00000000eba00000,0x00000000ed980000)
 ParOldGen       total 202752K, used 70227K [0x00000000a0000000, 0x00000000ac600000, 0x00000000e0000000)
  object space 202752K, 34% used [0x00000000a0000000,0x00000000a4494ef8,0x00000000ac600000)
 Metaspace       used 98838K, capacity 105282K, committed 114648K, reserved 1148928K
  class space    used 12770K, capacity 13892K, committed 15360K, reserved 1048576K
}

