# JRE version: Java(TM) SE Runtime Environment (8.0_131-b11) (build 1.8.0_131-b11)
# Java VM: Java HotSpot(TM) 64-Bit Server VM (25.131-b11 mixed mode windows-amd64 compressed oops)
Heap:
 PSYoungGen      total 443904K, used 420923K [0x00000000e0000000, 0x0000000100000000, 0x0000000100000000)
  eden space 373760K, 93% used [0x00000000e0000000,0x00000000f568f4d0,0x00000000f6d00000)
  from space 70144K, 99% used [0x00000000f6d00000,0x00000000fb17f938,0x00000000fb180000)
  to   space 80384K, 0% used [0x00000000fb180000,0x00000000fb180000,0x0000000100000000)
 ParOldGen       total 401920K, used 252853K [0x00000000a0000000, 0x00000000b8880000, 0x00000000e0000000)
  object space 401920K, 62% used [0x00000000a0000000,0x00000000af6ed798,0x00000000b8880000)
 Metaspace       used 195844K, capacity 206904K, committed 207232K, reserved 1230848K
  class space    used 23860K, capacity 25723K, committed 25728K, reserved 1048576K
GC Heap History (10 events):
Event: 15155.177 GC heap before
{Heap before GC invocations=120 (full 9):
 PSYoungGen      total 429568K, used 383678K [0x00000000e0000000, 0x00000000ff280000, 0x0000000100000000)
  eden space 349696K, 100% used [0x00000000e0000000,0x00000000f5580000,0x00000000f5580000)
  from space 79872K, 42% used [0x00000000fa480000,0x00000000fc5afb18,0x00000000ff280000)
  to   space 80384K, 0% used [0x00000000f5580000,0x00000000f5580000,0x00000000fa400000)
 ParOldGen       total 401920K, used 206696K [0x00000000a0000000, 0x00000000b8880000, 0x00000000e0000000)
  object space 401920K, 51% used [0x00000000a0000000,0x00000000ac9da398,0x00000000b8880000)
 Metaspace       used 185961K, capacity 196508K, committed 196608K, reserved 1220608K
  class space    used 22728K, capacity 24529K, committed 24576K, reserved 1048576K
Event: 15155.198 GC heap after
Heap after GC invocations=120 (full 9):
 PSYoungGen      total 430080K, used 16020K [0x00000000e0000000, 0x00000000ff900000, 0x0000000100000000)
  eden space 349696K, 0% used [0x00000000e0000000,0x00000000e0000000,0x00000000f5580000)
  from space 80384K, 19% used [0x00000000f5580000,0x00000000f6525368,0x00000000fa400000)
  to   space 77824K, 0% used [0x00000000fad00000,0x00000000fad00000,0x00000000ff900000)
 ParOldGen       total 401920K, used 206696K [0x00000000a0000000, 0x00000000b8880000, 0x00000000e0000000)
  object space 401920K, 51% used [0x00000000a0000000,0x00000000ac9da398,0x00000000b8880000)
 Metaspace       used 185961K, capacity 196508K, committed 196608K, reserved 1220608K
  class space    used 22728K, capacity 24529K, committed 24576K, reserved 1048576K
}
Event: 15161.317 GC heap before
{Heap before GC invocations=121 (full 9):
 PSYoungGen      total 430080K, used 365716K [0x00000000e0000000, 0x00000000ff900000, 0x0000000100000000)
  eden space 349696K, 100% used [0x00000000e0000000,0x00000000f5580000,0x00000000f5580000)
  from space 80384K, 19% used [0x00000000f5580000,0x00000000f6525368,0x00000000fa400000)
  to   space 77824K, 0% used [0x00000000fad00000,0x00000000fad00000,0x00000000ff900000)
 ParOldGen       total 401920K, used 206696K [0x00000000a0000000, 0x00000000b8880000, 0x00000000e0000000)
  object space 401920K, 51% used [0x00000000a0000000,0x00000000ac9da398,0x00000000b8880000)
 Metaspace       used 187424K, capacity 198308K, committed 198400K, reserved 1222656K
  class space    used 22925K, capacity 24771K, committed 24832K, reserved 1048576K
Event: 15161.363 GC heap after
Heap after GC invocations=121 (full 9):
 PSYoungGen      total 440320K, used 11710K [0x00000000e0000000, 0x00000000ff800000, 0x0000000100000000)
  eden space 363520K, 0% used [0x00000000e0000000,0x00000000e0000000,0x00000000f6300000)
  from space 76800K, 15% used [0x00000000fad00000,0x00000000fb86f8f8,0x00000000ff800000)
  to   space 75776K, 0% used [0x00000000f6300000,0x00000000f6300000,0x00000000fad00000)
 ParOldGen       total 401920K, used 206704K [0x00000000a0000000, 0x00000000b8880000, 0x00000000e0000000)
  object space 401920K, 51% used [0x00000000a0000000,0x00000000ac9dc398,0x00000000b8880000)
 Metaspace       used 187424K, capacity 198308K, committed 198400K, reserved 1222656K
  class space    used 22925K, capacity 24771K, committed 24832K, reserved 1048576K
}
Event: 15182.759 GC heap before
{Heap before GC invocations=122 (full 9):
 PSYoungGen      total 440320K, used 375230K [0x00000000e0000000, 0x00000000ff800000, 0x0000000100000000)
  eden space 363520K, 100% used [0x00000000e0000000,0x00000000f6300000,0x00000000f6300000)
  from space 76800K, 15% used [0x00000000fad00000,0x00000000fb86f8f8,0x00000000ff800000)
  to   space 75776K, 0% used [0x00000000f6300000,0x00000000f6300000,0x00000000fad00000)
 ParOldGen       total 401920K, used 206704K [0x00000000a0000000, 0x00000000b8880000, 0x00000000e0000000)
  object space 401920K, 51% used [0x00000000a0000000,0x00000000ac9dc398,0x00000000b8880000)
 Metaspace       used 187623K, capacity 198512K, committed 198656K, reserved 1222656K
  class space    used 22942K, capacity 24815K, committed 24832K, reserved 1048576K
Event: 15182.786 GC heap after
Heap after GC invocations=122 (full 9):
 PSYoungGen      total 439296K, used 30530K [0x00000000e0000000, 0x00000000ff800000, 0x0000000100000000)
  eden space 363520K, 0% used [0x00000000e0000000,0x00000000e0000000,0x00000000f6300000)
  from space 75776K, 40% used [0x00000000f6300000,0x00000000f80d08b8,0x00000000fad00000)
  to   space 72192K, 0% used [0x00000000fb180000,0x00000000fb180000,0x00000000ff800000)
 ParOldGen       total 401920K, used 206704K [0x00000000a0000000, 0x00000000b8880000, 0x00000000e0000000)
  object space 401920K, 51% used [0x00000000a0000000,0x00000000ac9dc398,0x00000000b8880000)
 Metaspace       used 187623K, capacity 198512K, committed 198656K, reserved 1222656K
  class space    used 22942K, capacity 24815K, committed 24832K, reserved 1048576K
}
Event: 15190.870 GC heap before
{Heap before GC invocations=123 (full 9):
 PSYoungGen      total 439296K, used 394050K [0x00000000e0000000, 0x00000000ff800000, 0x0000000100000000)
  eden space 363520K, 100% used [0x00000000e0000000,0x00000000f6300000,0x00000000f6300000)
  from space 75776K, 40% used [0x00000000f6300000,0x00000000f80d08b8,0x00000000fad00000)
  to   space 72192K, 0% used [0x00000000fb180000,0x00000000fb180000,0x00000000ff800000)
 ParOldGen       total 401920K, used 206704K [0x00000000a0000000, 0x00000000b8880000, 0x00000000e0000000)
  object space 401920K, 51% used [0x00000000a0000000,0x00000000ac9dc398,0x00000000b8880000)
 Metaspace       used 195750K, capacity 206670K, committed 206976K, reserved 1230848K
  class space    used 23853K, capacity 25716K, committed 25728K, reserved 1048576K
Event: 15190.914 GC heap after
Heap after GC invocations=123 (full 9):
 PSYoungGen      total 445952K, used 33946K [0x00000000e0000000, 0x00000000ff880000, 0x0000000100000000)
  eden space 373760K, 0% used [0x00000000e0000000,0x00000000e0000000,0x00000000f6d00000)
  from space 72192K, 47% used [0x00000000fb180000,0x00000000fd2a6838,0x00000000ff800000)
  to   space 70144K, 0% used [0x00000000f6d00000,0x00000000f6d00000,0x00000000fb180000)
 ParOldGen       total 401920K, used 206712K [0x00000000a0000000, 0x00000000b8880000, 0x00000000e0000000)
  object space 401920K, 51% used [0x00000000a0000000,0x00000000ac9de398,0x00000000b8880000)
 Metaspace       used 195750K, capacity 206670K, committed 206976K, reserved 1230848K
  class space    used 23853K, capacity 25716K, committed 25728K, reserved 1048576K
}
Event: 15192.631 GC heap before
{Heap before GC invocations=124 (full 9):
 PSYoungGen      total 445952K, used 404166K [0x00000000e0000000, 0x00000000ff880000, 0x0000000100000000)
  eden space 373760K, 99% used [0x00000000e0000000,0x00000000f698aff8,0x00000000f6d00000)
  from space 72192K, 47% used [0x00000000fb180000,0x00000000fd2a6838,0x00000000ff800000)
  to   space 70144K, 0% used [0x00000000f6d00000,0x00000000f6d00000,0x00000000fb180000)
 ParOldGen       total 401920K, used 206712K [0x00000000a0000000, 0x00000000b8880000, 0x00000000e0000000)
  object space 401920K, 51% used [0x00000000a0000000,0x00000000ac9de398,0x00000000b8880000)
 Metaspace       used 195756K, capacity 206670K, committed 206976K, reserved 1230848K
  class space    used 23853K, capacity 25716K, committed 25728K, reserved 1048576K
Event: 15192.749 GC heap after
Heap after GC invocations=124 (full 9):
 PSYoungGen      total 443904K, used 70142K [0x00000000e0000000, 0x0000000100000000, 0x0000000100000000)
  eden space 373760K, 0% used [0x00000000e0000000,0x00000000e0000000,0x00000000f6d00000)
  from space 70144K, 99% used [0x00000000f6d00000,0x00000000fb17f938,0x00000000fb180000)
  to   space 80384K, 0% used [0x00000000fb180000,0x00000000fb180000,0x0000000100000000)
 ParOldGen       total 401920K, used 252853K [0x00000000a0000000, 0x00000000b8880000, 0x00000000e0000000)
  object space 401920K, 62% used [0x00000000a0000000,0x00000000af6ed798,0x00000000b8880000)
 Metaspace       used 195756K, capacity 206670K, committed 206976K, reserved 1230848K
  class space    used 23853K, capacity 25716K, committed 25728K, reserved 1048576K
}

