# JRE version: Java(TM) SE Runtime Environment (8.0_131-b11) (build 1.8.0_131-b11)
# Java VM: Java HotSpot(TM) 64-Bit Server VM (25.131-b11 mixed mode windows-amd64 compressed oops)
Heap:
 PSYoungGen      total 396800K, used 239470K [0x00000000e0000000, 0x0000000100000000, 0x0000000100000000)
  eden space 274432K, 87% used [0x00000000e0000000,0x00000000ee9dbae0,0x00000000f0c00000)
  from space 122368K, 0% used [0x00000000f0c00000,0x00000000f0c00000,0x00000000f8380000)
  to   space 127488K, 0% used [0x00000000f8380000,0x00000000f8380000,0x0000000100000000)
 ParOldGen       total 176640K, used 176639K [0x00000000a0000000, 0x00000000aac80000, 0x00000000e0000000)
  object space 176640K, 99% used [0x00000000a0000000,0x00000000aac7fdb8,0x00000000aac80000)
 Metaspace       used 218953K, capacity 230246K, committed 234496K, reserved 1253376K
  class space    used 27344K, capacity 29354K, committed 30208K, reserved 1048576K
GC Heap History (10 events):
Event: 13465.332 GC heap before
{Heap before GC invocations=78 (full 7):
 PSYoungGen      total 432128K, used 398589K [0x00000000e0000000, 0x00000000ffe80000, 0x0000000100000000)
  eden space 343552K, 100% used [0x00000000e0000000,0x00000000f4f80000,0x00000000f4f80000)
  from space 88576K, 62% used [0x00000000fa800000,0x00000000fddbf5e0,0x00000000ffe80000)
  to   space 89600K, 0% used [0x00000000f4f80000,0x00000000f4f80000,0x00000000fa700000)
 ParOldGen       total 176640K, used 113021K [0x00000000a0000000, 0x00000000aac80000, 0x00000000e0000000)
  object space 176640K, 63% used [0x00000000a0000000,0x00000000a6e5f740,0x00000000aac80000)
 Metaspace       used 217764K, capacity 230832K, committed 231040K, reserved 1251328K
  class space    used 27450K, capacity 29745K, committed 29824K, reserved 1048576K
Event: 13465.413 GC heap after
Heap after GC invocations=78 (full 7):
 PSYoungGen      total 433152K, used 89570K [0x00000000e0000000, 0x0000000100000000, 0x0000000100000000)
  eden space 343552K, 0% used [0x00000000e0000000,0x00000000e0000000,0x00000000f4f80000)
  from space 89600K, 99% used [0x00000000f4f80000,0x00000000fa6f8970,0x00000000fa700000)
  to   space 91136K, 0% used [0x00000000fa700000,0x00000000fa700000,0x0000000100000000)
 ParOldGen       total 176640K, used 113287K [0x00000000a0000000, 0x00000000aac80000, 0x00000000e0000000)
  object space 176640K, 64% used [0x00000000a0000000,0x00000000a6ea1ee8,0x00000000aac80000)
 Metaspace       used 217764K, capacity 230832K, committed 231040K, reserved 1251328K
  class space    used 27450K, capacity 29745K, committed 29824K, reserved 1048576K
}
Event: 13467.381 GC heap before
{Heap before GC invocations=79 (full 7):
 PSYoungGen      total 433152K, used 433122K [0x00000000e0000000, 0x0000000100000000, 0x0000000100000000)
  eden space 343552K, 100% used [0x00000000e0000000,0x00000000f4f80000,0x00000000f4f80000)
  from space 89600K, 99% used [0x00000000f4f80000,0x00000000fa6f8970,0x00000000fa700000)
  to   space 91136K, 0% used [0x00000000fa700000,0x00000000fa700000,0x0000000100000000)
 ParOldGen       total 176640K, used 113287K [0x00000000a0000000, 0x00000000aac80000, 0x00000000e0000000)
  object space 176640K, 64% used [0x00000000a0000000,0x00000000a6ea1ee8,0x00000000aac80000)
 Metaspace       used 219933K, capacity 233264K, committed 233600K, reserved 1253376K
  class space    used 27689K, capacity 29989K, committed 30080K, reserved 1048576K
Event: 13467.585 GC heap after
Heap after GC invocations=79 (full 7):
 PSYoungGen      total 365568K, used 91120K [0x00000000e0000000, 0x0000000100000000, 0x0000000100000000)
  eden space 274432K, 0% used [0x00000000e0000000,0x00000000e0000000,0x00000000f0c00000)
  from space 91136K, 99% used [0x00000000fa700000,0x00000000ffffc378,0x0000000100000000)
  to   space 124928K, 0% used [0x00000000f0c00000,0x00000000f0c00000,0x00000000f8600000)
 ParOldGen       total 176640K, used 149597K [0x00000000a0000000, 0x00000000aac80000, 0x00000000e0000000)
  object space 176640K, 84% used [0x00000000a0000000,0x00000000a92176c8,0x00000000aac80000)
 Metaspace       used 219933K, capacity 233264K, committed 233600K, reserved 1253376K
  class space    used 27689K, capacity 29989K, committed 30080K, reserved 1048576K
}
Event: 13479.616 GC heap before
{Heap before GC invocations=80 (full 7):
 PSYoungGen      total 365568K, used 365552K [0x00000000e0000000, 0x0000000100000000, 0x0000000100000000)
  eden space 274432K, 100% used [0x00000000e0000000,0x00000000f0c00000,0x00000000f0c00000)
  from space 91136K, 99% used [0x00000000fa700000,0x00000000ffffc378,0x0000000100000000)
  to   space 124928K, 0% used [0x00000000f0c00000,0x00000000f0c00000,0x00000000f8600000)
 ParOldGen       total 176640K, used 149597K [0x00000000a0000000, 0x00000000aac80000, 0x00000000e0000000)
  object space 176640K, 84% used [0x00000000a0000000,0x00000000a92176c8,0x00000000aac80000)
 Metaspace       used 220864K, capacity 234364K, committed 234496K, reserved 1253376K
  class space    used 27800K, capacity 30160K, committed 30208K, reserved 1048576K
Event: 13479.755 GC heap after
Heap after GC invocations=80 (full 7):
 PSYoungGen      total 396800K, used 122262K [0x00000000e0000000, 0x0000000100000000, 0x0000000100000000)
  eden space 274432K, 0% used [0x00000000e0000000,0x00000000e0000000,0x00000000f0c00000)
  from space 122368K, 99% used [0x00000000f0c00000,0x00000000f8365a88,0x00000000f8380000)
  to   space 127488K, 0% used [0x00000000f8380000,0x00000000f8380000,0x0000000100000000)
 ParOldGen       total 176640K, used 161610K [0x00000000a0000000, 0x00000000aac80000, 0x00000000e0000000)
  object space 176640K, 91% used [0x00000000a0000000,0x00000000a9dd2b00,0x00000000aac80000)
 Metaspace       used 220864K, capacity 234364K, committed 234496K, reserved 1253376K
  class space    used 27800K, capacity 30160K, committed 30208K, reserved 1048576K
}
Event: 13479.755 GC heap before
{Heap before GC invocations=81 (full 8):
 PSYoungGen      total 396800K, used 122262K [0x00000000e0000000, 0x0000000100000000, 0x0000000100000000)
  eden space 274432K, 0% used [0x00000000e0000000,0x00000000e0000000,0x00000000f0c00000)
  from space 122368K, 99% used [0x00000000f0c00000,0x00000000f8365a88,0x00000000f8380000)
  to   space 127488K, 0% used [0x00000000f8380000,0x00000000f8380000,0x0000000100000000)
 ParOldGen       total 176640K, used 161610K [0x00000000a0000000, 0x00000000aac80000, 0x00000000e0000000)
  object space 176640K, 91% used [0x00000000a0000000,0x00000000a9dd2b00,0x00000000aac80000)
 Metaspace       used 220864K, capacity 234364K, committed 234496K, reserved 1253376K
  class space    used 27800K, capacity 30160K, committed 30208K, reserved 1048576K
Event: 13480.804 GC heap after
Heap after GC invocations=81 (full 8):
 PSYoungGen      total 396800K, used 21732K [0x00000000e0000000, 0x0000000100000000, 0x0000000100000000)
  eden space 274432K, 0% used [0x00000000e0000000,0x00000000e0000000,0x00000000f0c00000)
  from space 122368K, 17% used [0x00000000f0c00000,0x00000000f21393d0,0x00000000f8380000)
  to   space 127488K, 0% used [0x00000000f8380000,0x00000000f8380000,0x0000000100000000)
 ParOldGen       total 176640K, used 176430K [0x00000000a0000000, 0x00000000aac80000, 0x00000000e0000000)
  object space 176640K, 99% used [0x00000000a0000000,0x00000000aac4bb80,0x00000000aac80000)
 Metaspace       used 219400K, capacity 232308K, committed 234496K, reserved 1253376K
  class space    used 27560K, capacity 29797K, committed 30208K, reserved 1048576K
}
Event: 13484.336 GC heap before
{Heap before GC invocations=82 (full 9):
 PSYoungGen      total 396800K, used 296164K [0x00000000e0000000, 0x0000000100000000, 0x0000000100000000)
  eden space 274432K, 100% used [0x00000000e0000000,0x00000000f0c00000,0x00000000f0c00000)
  from space 122368K, 17% used [0x00000000f0c00000,0x00000000f21393d0,0x00000000f8380000)
  to   space 127488K, 0% used [0x00000000f8380000,0x00000000f8380000,0x0000000100000000)
 ParOldGen       total 176640K, used 176430K [0x00000000a0000000, 0x00000000aac80000, 0x00000000e0000000)
  object space 176640K, 99% used [0x00000000a0000000,0x00000000aac4bb80,0x00000000aac80000)
 Metaspace       used 219951K, capacity 232846K, committed 234496K, reserved 1253376K
  class space    used 27596K, capacity 29850K, committed 30208K, reserved 1048576K
Event: 13485.535 GC heap after
Heap after GC invocations=82 (full 9):
 PSYoungGen      total 396800K, used 77435K [0x00000000e0000000, 0x0000000100000000, 0x0000000100000000)
  eden space 274432K, 28% used [0x00000000e0000000,0x00000000e4b9ee40,0x00000000f0c00000)
  from space 122368K, 0% used [0x00000000f0c00000,0x00000000f0c00000,0x00000000f8380000)
  to   space 127488K, 0% used [0x00000000f8380000,0x00000000f8380000,0x0000000100000000)
 ParOldGen       total 176640K, used 176639K [0x00000000a0000000, 0x00000000aac80000, 0x00000000e0000000)
  object space 176640K, 99% used [0x00000000a0000000,0x00000000aac7fdb8,0x00000000aac80000)
 Metaspace       used 218832K, capacity 230096K, committed 234496K, reserved 1253376K
  class space    used 27342K, capacity 29351K, committed 30208K, reserved 1048576K
}

